2025-11-30 15:24:09,192 - INFO - Starting scrape for r/python until 2025-11-29
2025-11-30 15:24:37,491 - INFO - Stop signal received
2025-11-30 15:27:12,710 - ERROR - Error fetching https://www.reddit.com/user/Equivalent_Mine_1827/about.json: Client error '429 Too Many Requests' for url 'https://www.reddit.com/user/Equivalent_Mine_1827/about.json'
For more information check: https://developer.mozilla.org/en-US/docs/Web/HTTP/Status/429
2025-11-30 15:27:13,687 - ERROR - Error fetching https://www.reddit.com/user/jjbugman2468/about.json: Client error '429 Too Many Requests' for url 'https://www.reddit.com/user/jjbugman2468/about.json'
For more information check: https://developer.mozilla.org/en-US/docs/Web/HTTP/Status/429
2025-11-30 15:27:14,698 - ERROR - Error fetching https://www.reddit.com/user/AceLamina/about.json: Client error '429 Too Many Requests' for url 'https://www.reddit.com/user/AceLamina/about.json'
For more information check: https://developer.mozilla.org/en-US/docs/Web/HTTP/Status/429
2025-11-30 15:27:15,684 - ERROR - Error fetching https://www.reddit.com/user/lifelite/about.json: Client error '429 Too Many Requests' for url 'https://www.reddit.com/user/lifelite/about.json'
For more information check: https://developer.mozilla.org/en-US/docs/Web/HTTP/Status/429
2025-11-30 15:27:16,706 - ERROR - Error fetching https://www.reddit.com/user/VoodooS0ldier/about.json: Client error '429 Too Many Requests' for url 'https://www.reddit.com/user/VoodooS0ldier/about.json'
For more information check: https://developer.mozilla.org/en-US/docs/Web/HTTP/Status/429
2025-11-30 15:27:17,711 - ERROR - Error fetching https://www.reddit.com/user/only4ways/about.json: Client error '429 Too Many Requests' for url 'https://www.reddit.com/user/only4ways/about.json'
For more information check: https://developer.mozilla.org/en-US/docs/Web/HTTP/Status/429
2025-11-30 15:27:18,688 - ERROR - Error fetching https://www.reddit.com/user/audionerd1/about.json: Client error '429 Too Many Requests' for url 'https://www.reddit.com/user/audionerd1/about.json'
For more information check: https://developer.mozilla.org/en-US/docs/Web/HTTP/Status/429
2025-11-30 15:27:19,701 - ERROR - Error fetching https://www.reddit.com/user/listix/about.json: Client error '429 Too Many Requests' for url 'https://www.reddit.com/user/listix/about.json'
For more information check: https://developer.mozilla.org/en-US/docs/Web/HTTP/Status/429
2025-11-30 15:27:20,702 - ERROR - Error fetching https://www.reddit.com/user/Venzo_Blaze/about.json: Client error '429 Too Many Requests' for url 'https://www.reddit.com/user/Venzo_Blaze/about.json'
For more information check: https://developer.mozilla.org/en-US/docs/Web/HTTP/Status/429
2025-11-30 15:27:21,703 - ERROR - Error fetching https://www.reddit.com/user/GhostVlvin/about.json: Client error '429 Too Many Requests' for url 'https://www.reddit.com/user/GhostVlvin/about.json'
For more information check: https://developer.mozilla.org/en-US/docs/Web/HTTP/Status/429
2025-11-30 15:27:22,708 - ERROR - Error fetching https://www.reddit.com/user/furfur001/about.json: Client error '429 Too Many Requests' for url 'https://www.reddit.com/user/furfur001/about.json'
For more information check: https://developer.mozilla.org/en-US/docs/Web/HTTP/Status/429
2025-11-30 15:27:23,677 - ERROR - Error fetching https://www.reddit.com/user/crazedizzled/about.json: Client error '429 Too Many Requests' for url 'https://www.reddit.com/user/crazedizzled/about.json'
For more information check: https://developer.mozilla.org/en-US/docs/Web/HTTP/Status/429
2025-11-30 15:27:24,677 - ERROR - Error fetching https://www.reddit.com/user/notanotherusernameD8/about.json: Client error '429 Too Many Requests' for url 'https://www.reddit.com/user/notanotherusernameD8/about.json'
For more information check: https://developer.mozilla.org/en-US/docs/Web/HTTP/Status/429
2025-11-30 15:27:25,653 - ERROR - Error fetching https://www.reddit.com/user/korevis/about.json: Client error '429 Too Many Requests' for url 'https://www.reddit.com/user/korevis/about.json'
For more information check: https://developer.mozilla.org/en-US/docs/Web/HTTP/Status/429
2025-11-30 15:27:26,664 - ERROR - Error fetching https://www.reddit.com/user/jskdr/about.json: Client error '429 Too Many Requests' for url 'https://www.reddit.com/user/jskdr/about.json'
For more information check: https://developer.mozilla.org/en-US/docs/Web/HTTP/Status/429
2025-11-30 15:27:27,727 - ERROR - Error fetching https://www.reddit.com/user/pfuerte/about.json: Client error '429 Too Many Requests' for url 'https://www.reddit.com/user/pfuerte/about.json'
For more information check: https://developer.mozilla.org/en-US/docs/Web/HTTP/Status/429
2025-11-30 15:27:28,668 - ERROR - Error fetching https://www.reddit.com/user/phylter99/about.json: Client error '429 Too Many Requests' for url 'https://www.reddit.com/user/phylter99/about.json'
For more information check: https://developer.mozilla.org/en-US/docs/Web/HTTP/Status/429
2025-11-30 15:27:29,688 - ERROR - Error fetching https://www.reddit.com/user/Beneficial_Gas307/about.json: Client error '429 Too Many Requests' for url 'https://www.reddit.com/user/Beneficial_Gas307/about.json'
For more information check: https://developer.mozilla.org/en-US/docs/Web/HTTP/Status/429
2025-11-30 15:27:30,690 - ERROR - Error fetching https://www.reddit.com/user/ohtinsel/about.json: Client error '429 Too Many Requests' for url 'https://www.reddit.com/user/ohtinsel/about.json'
For more information check: https://developer.mozilla.org/en-US/docs/Web/HTTP/Status/429
2025-11-30 15:27:31,681 - ERROR - Error fetching https://www.reddit.com/user/GrayHumanoid/about.json: Client error '429 Too Many Requests' for url 'https://www.reddit.com/user/GrayHumanoid/about.json'
For more information check: https://developer.mozilla.org/en-US/docs/Web/HTTP/Status/429
2025-11-30 15:27:32,718 - ERROR - Error fetching https://www.reddit.com/user/papersashimi/about.json: Client error '429 Too Many Requests' for url 'https://www.reddit.com/user/papersashimi/about.json'
For more information check: https://developer.mozilla.org/en-US/docs/Web/HTTP/Status/429
2025-11-30 15:27:33,699 - ERROR - Error fetching https://www.reddit.com/user/lyfe_Wast3d/about.json: Client error '429 Too Many Requests' for url 'https://www.reddit.com/user/lyfe_Wast3d/about.json'
For more information check: https://developer.mozilla.org/en-US/docs/Web/HTTP/Status/429
2025-11-30 15:27:34,711 - ERROR - Error fetching https://www.reddit.com/user/BrodMatty/about.json: Client error '429 Too Many Requests' for url 'https://www.reddit.com/user/BrodMatty/about.json'
For more information check: https://developer.mozilla.org/en-US/docs/Web/HTTP/Status/429
2025-11-30 15:27:35,723 - ERROR - Error fetching https://www.reddit.com/user/Appropriate-Row-6578/about.json: Client error '429 Too Many Requests' for url 'https://www.reddit.com/user/Appropriate-Row-6578/about.json'
For more information check: https://developer.mozilla.org/en-US/docs/Web/HTTP/Status/429
2025-11-30 15:27:36,738 - ERROR - Error fetching https://www.reddit.com/user/mickcs/about.json: Client error '429 Too Many Requests' for url 'https://www.reddit.com/user/mickcs/about.json'
For more information check: https://developer.mozilla.org/en-US/docs/Web/HTTP/Status/429
2025-11-30 15:27:37,745 - ERROR - Error fetching https://www.reddit.com/user/lnxgod/about.json: Client error '429 Too Many Requests' for url 'https://www.reddit.com/user/lnxgod/about.json'
For more information check: https://developer.mozilla.org/en-US/docs/Web/HTTP/Status/429
2025-11-30 15:27:38,717 - ERROR - Error fetching https://www.reddit.com/user/RemindMeBot/about.json: Client error '429 Too Many Requests' for url 'https://www.reddit.com/user/RemindMeBot/about.json'
For more information check: https://developer.mozilla.org/en-US/docs/Web/HTTP/Status/429
2025-11-30 15:27:39,768 - ERROR - Error fetching https://www.reddit.com/user/Impossible_Ad_3146/about.json: Client error '429 Too Many Requests' for url 'https://www.reddit.com/user/Impossible_Ad_3146/about.json'
For more information check: https://developer.mozilla.org/en-US/docs/Web/HTTP/Status/429
2025-11-30 15:27:40,748 - ERROR - Error fetching https://www.reddit.com/user/nordiknomad/about.json: Client error '429 Too Many Requests' for url 'https://www.reddit.com/user/nordiknomad/about.json'
For more information check: https://developer.mozilla.org/en-US/docs/Web/HTTP/Status/429
2025-11-30 15:27:41,759 - ERROR - Error fetching https://www.reddit.com/user/SleepMage/about.json: Client error '429 Too Many Requests' for url 'https://www.reddit.com/user/SleepMage/about.json'
For more information check: https://developer.mozilla.org/en-US/docs/Web/HTTP/Status/429
2025-11-30 15:27:42,760 - ERROR - Error fetching https://www.reddit.com/user/brintoul/about.json: Client error '429 Too Many Requests' for url 'https://www.reddit.com/user/brintoul/about.json'
For more information check: https://developer.mozilla.org/en-US/docs/Web/HTTP/Status/429
2025-11-30 15:27:43,760 - ERROR - Error fetching https://www.reddit.com/user/gubatron/about.json: Client error '429 Too Many Requests' for url 'https://www.reddit.com/user/gubatron/about.json'
For more information check: https://developer.mozilla.org/en-US/docs/Web/HTTP/Status/429
2025-11-30 15:27:44,768 - ERROR - Error fetching https://www.reddit.com/user/BellybuttonWorld/about.json: Client error '429 Too Many Requests' for url 'https://www.reddit.com/user/BellybuttonWorld/about.json'
For more information check: https://developer.mozilla.org/en-US/docs/Web/HTTP/Status/429
2025-11-30 15:27:45,718 - ERROR - Error fetching https://www.reddit.com/user/DeCyantist/about.json: Client error '429 Too Many Requests' for url 'https://www.reddit.com/user/DeCyantist/about.json'
For more information check: https://developer.mozilla.org/en-US/docs/Web/HTTP/Status/429
2025-11-30 15:27:46,746 - ERROR - Error fetching https://www.reddit.com/user/BurnyAsn/about.json: Client error '429 Too Many Requests' for url 'https://www.reddit.com/user/BurnyAsn/about.json'
For more information check: https://developer.mozilla.org/en-US/docs/Web/HTTP/Status/429
2025-11-30 15:27:47,738 - ERROR - Error fetching https://www.reddit.com/user/basicwolf/about.json: Client error '429 Too Many Requests' for url 'https://www.reddit.com/user/basicwolf/about.json'
For more information check: https://developer.mozilla.org/en-US/docs/Web/HTTP/Status/429
2025-11-30 15:27:48,718 - ERROR - Error fetching https://www.reddit.com/user/CaptainFoyle/about.json: Client error '429 Too Many Requests' for url 'https://www.reddit.com/user/CaptainFoyle/about.json'
For more information check: https://developer.mozilla.org/en-US/docs/Web/HTTP/Status/429
2025-11-30 15:27:49,745 - ERROR - Error fetching https://www.reddit.com/user/marlinspike/about.json: Client error '429 Too Many Requests' for url 'https://www.reddit.com/user/marlinspike/about.json'
For more information check: https://developer.mozilla.org/en-US/docs/Web/HTTP/Status/429
2025-11-30 15:27:50,726 - ERROR - Error fetching https://www.reddit.com/user/CrimeBurrito/about.json: Client error '429 Too Many Requests' for url 'https://www.reddit.com/user/CrimeBurrito/about.json'
For more information check: https://developer.mozilla.org/en-US/docs/Web/HTTP/Status/429
2025-11-30 15:27:52,082 - ERROR - Error fetching https://www.reddit.com/user/digitizedeagle/about.json: Client error '429 Too Many Requests' for url 'https://www.reddit.com/user/digitizedeagle/about.json'
For more information check: https://developer.mozilla.org/en-US/docs/Web/HTTP/Status/429
2025-11-30 15:27:52,804 - ERROR - Error fetching https://www.reddit.com/user/vleddie/about.json: Client error '429 Too Many Requests' for url 'https://www.reddit.com/user/vleddie/about.json'
For more information check: https://developer.mozilla.org/en-US/docs/Web/HTTP/Status/429
2025-11-30 15:27:53,797 - ERROR - Error fetching https://www.reddit.com/user/MagicWishMonkey/about.json: Client error '429 Too Many Requests' for url 'https://www.reddit.com/user/MagicWishMonkey/about.json'
For more information check: https://developer.mozilla.org/en-US/docs/Web/HTTP/Status/429
2025-11-30 15:27:54,817 - ERROR - Error fetching https://www.reddit.com/user/pabphoto/about.json: Client error '429 Too Many Requests' for url 'https://www.reddit.com/user/pabphoto/about.json'
For more information check: https://developer.mozilla.org/en-US/docs/Web/HTTP/Status/429
2025-11-30 15:27:55,864 - ERROR - Error fetching https://www.reddit.com/user/mfitzp/about.json: Client error '429 Too Many Requests' for url 'https://www.reddit.com/user/mfitzp/about.json'
For more information check: https://developer.mozilla.org/en-US/docs/Web/HTTP/Status/429
2025-11-30 15:27:56,876 - ERROR - Error fetching https://www.reddit.com/user/ApprehensiveStand456/about.json: Client error '429 Too Many Requests' for url 'https://www.reddit.com/user/ApprehensiveStand456/about.json'
For more information check: https://developer.mozilla.org/en-US/docs/Web/HTTP/Status/429
2025-11-30 15:27:57,832 - ERROR - Error fetching https://www.reddit.com/user/unquietwiki/about.json: Client error '429 Too Many Requests' for url 'https://www.reddit.com/user/unquietwiki/about.json'
For more information check: https://developer.mozilla.org/en-US/docs/Web/HTTP/Status/429
2025-11-30 15:27:58,816 - ERROR - Error fetching https://www.reddit.com/user/Mysterious-Rent7233/about.json: Client error '429 Too Many Requests' for url 'https://www.reddit.com/user/Mysterious-Rent7233/about.json'
For more information check: https://developer.mozilla.org/en-US/docs/Web/HTTP/Status/429
2025-11-30 15:27:59,867 - ERROR - Error fetching https://www.reddit.com/user/rover_G/about.json: Client error '429 Too Many Requests' for url 'https://www.reddit.com/user/rover_G/about.json'
For more information check: https://developer.mozilla.org/en-US/docs/Web/HTTP/Status/429
2025-11-30 15:28:00,918 - ERROR - Error fetching https://www.reddit.com/user/JacobStyle/about.json: Client error '429 Too Many Requests' for url 'https://www.reddit.com/user/JacobStyle/about.json'
For more information check: https://developer.mozilla.org/en-US/docs/Web/HTTP/Status/429
2025-11-30 15:28:02,020 - ERROR - Error fetching https://www.reddit.com/user/kobumaister/about.json: Client error '429 Too Many Requests' for url 'https://www.reddit.com/user/kobumaister/about.json'
For more information check: https://developer.mozilla.org/en-US/docs/Web/HTTP/Status/429
2025-11-30 15:28:03,422 - ERROR - Error fetching https://www.reddit.com/user/AxelsOG/about.json: Client error '429 Too Many Requests' for url 'https://www.reddit.com/user/AxelsOG/about.json'
For more information check: https://developer.mozilla.org/en-US/docs/Web/HTTP/Status/429
2025-11-30 15:28:04,216 - ERROR - Error fetching https://www.reddit.com/user/Material-3bb/about.json: Client error '429 Too Many Requests' for url 'https://www.reddit.com/user/Material-3bb/about.json'
For more information check: https://developer.mozilla.org/en-US/docs/Web/HTTP/Status/429
2025-11-30 15:28:05,387 - ERROR - Error fetching https://www.reddit.com/user/zangler/about.json: Client error '429 Too Many Requests' for url 'https://www.reddit.com/user/zangler/about.json'
For more information check: https://developer.mozilla.org/en-US/docs/Web/HTTP/Status/429
2025-11-30 15:28:07,357 - ERROR - Error fetching https://www.reddit.com/user/Strong_Music_6838/about.json: Client error '429 Too Many Requests' for url 'https://www.reddit.com/user/Strong_Music_6838/about.json'
For more information check: https://developer.mozilla.org/en-US/docs/Web/HTTP/Status/429
2025-11-30 15:28:08,070 - ERROR - Error fetching https://www.reddit.com/user/ttoommxx/about.json: Client error '429 Too Many Requests' for url 'https://www.reddit.com/user/ttoommxx/about.json'
For more information check: https://developer.mozilla.org/en-US/docs/Web/HTTP/Status/429
2025-11-30 15:28:09,074 - ERROR - Error fetching https://www.reddit.com/user/Asketes/about.json: Client error '429 Too Many Requests' for url 'https://www.reddit.com/user/Asketes/about.json'
For more information check: https://developer.mozilla.org/en-US/docs/Web/HTTP/Status/429
2025-11-30 15:28:10,082 - ERROR - Error fetching https://www.reddit.com/user/zacky2004/about.json: Client error '429 Too Many Requests' for url 'https://www.reddit.com/user/zacky2004/about.json'
For more information check: https://developer.mozilla.org/en-US/docs/Web/HTTP/Status/429
2025-11-30 15:28:11,122 - ERROR - Error fetching https://www.reddit.com/user/bradfordmaster/about.json: Client error '429 Too Many Requests' for url 'https://www.reddit.com/user/bradfordmaster/about.json'
For more information check: https://developer.mozilla.org/en-US/docs/Web/HTTP/Status/429
2025-11-30 15:28:12,116 - ERROR - Error fetching https://www.reddit.com/user/deceze/about.json: Client error '429 Too Many Requests' for url 'https://www.reddit.com/user/deceze/about.json'
For more information check: https://developer.mozilla.org/en-US/docs/Web/HTTP/Status/429
2025-11-30 15:28:12,146 - INFO - Saved final data to data/python_20251129_20251130_152812.json
2025-11-30 15:28:12,146 - INFO - Scraping finished.
